<?xml version="1.0" encoding="UTF-8"?>
<!-- Generated by org.testng.reporters.JUnitReportReporter -->
<testsuite hostname="Anu" failures="0" tests="1" name="com.Test.putReqVerify" time="2.020" errors="0" timestamp="2024-02-06T21:25:13 IST" skipped="0">
  <testcase classname="com.Test.putReqVerify" name="putReq" time="2.020"/>
  <system-out/>
</testsuite> <!-- com.Test.putReqVerify -->
