<?xml version="1.0" encoding="UTF-8"?>
<!-- Generated by org.testng.reporters.JUnitReportReporter -->
<testsuite hostname="Anu" failures="0" tests="1" name="com.Test.deleteReqVerify" time="2.518" errors="0" timestamp="2024-02-06T21:42:39 IST" skipped="0">
  <testcase classname="com.Test.deleteReqVerify" name="deleteReq" time="2.518"/>
  <system-out/>
</testsuite> <!-- com.Test.deleteReqVerify -->
