<?xml version="1.0" encoding="UTF-8"?>
<!-- Generated by org.testng.reporters.JUnitReportReporter -->
<testsuite hostname="Anu" failures="0" tests="1" name="com.Test.postReqVerify" time="2.167" errors="0" timestamp="2024-02-06T21:14:41 IST" skipped="0">
  <testcase classname="com.Test.postReqVerify" name="postReq" time="2.167"/>
  <system-out/>
</testsuite> <!-- com.Test.postReqVerify -->
