<?xml version="1.0" encoding="UTF-8"?>
<!-- Generated by org.testng.reporters.JUnitReportReporter -->
<testsuite hostname="Anu" failures="0" tests="1" name="com.Test.patchReqVerify" time="1.583" errors="0" timestamp="2024-02-06T21:32:36 IST" skipped="0">
  <testcase classname="com.Test.patchReqVerify" name="patchReq" time="1.583"/>
  <system-out/>
</testsuite> <!-- com.Test.patchReqVerify -->
